<?xml version="1.0" encoding="UTF-8"?>
<!-- Generated by org.testng.reporters.JUnitReportReporter -->
<testsuite hostname="lizy-PC" name="com.smart.service.UserServiceTest" tests="3" failures="0" timestamp="11 Oct 2017 05:50:36 GMT" time="1.406" errors="0">
  <testcase name="testFindUserByUserName" time="0.539" classname="com.smart.service.UserServiceTest"/>
  <testcase name="testAddLoginLog" time="0.484" classname="com.smart.service.UserServiceTest"/>
  <testcase name="testHasMatchUser" time="0.383" classname="com.smart.service.UserServiceTest"/>
</testsuite> <!-- com.smart.service.UserServiceTest -->
